<?xml version="1.0" encoding="UTF-8"?>
<TestRun id="5aa94d42-c34f-4220-a0eb-c1fe7ce12c24" name="gaoyang@WIN-AK70KIT50R3 2014-05-27 09:52:28" runUser="WIN-AK70KIT50R3\gaoyang" xmlns="http://microsoft.com/schemas/VisualStudio/TeamTest/2006">
  <TestRunConfiguration name="Local Test Run" id="6f0d1424-4b5e-4e78-9a98-9d9f3cd5bd72">
    <Description>This is a default test run configuration for a local test run.</Description>
    <Timeouts runTimeout="399120000" testTimeout="403140000" />
    <Deployment runDeploymentRoot="D:\member\gaoyang\科技处\Solution\5.3\TestResults\gaoyang_WIN-AK70KIT50R3 2014-05-27 09_52_28">
      <DeploymentItem filename="D:\member\gaoyang\科技处\Solution\5.3\Ref\Interop.jmail.dll" />
      <DeploymentItem filename="D:\member\gaoyang\科技处\Solution\5.3\Srims.Server.DataExchange\bin\Debug\Srims.Server.DataExchange.dll" />
      <DeploymentItem filename="D:\member\gaoyang\科技处\Solution\5.3\Srims.Tools.DataImport\bin\Debug\Srims.Tools.DataImport.dll" />
      <DeploymentItem filename="D:\member\gaoyang\科技处\Solution\5.3\Srims.Server.DataAccess\bin\Debug\Srims.Server.DataAccess.dll" />
      <DeploymentItem filename="D:\member\gaoyang\科技处\Solution\5.3\MIS.Util\bin\Debug\MIS.Util.dll" />
      <DeploymentItem filename="C:\Program Files (x86)\Microsoft Visual Studio 9.0\Visual Studio Tools for Office\PIA\Office12\Microsoft.Office.Interop.Excel.dll" />
      <DeploymentItem filename="D:\member\gaoyang\科技处\Solution\5.3\MIS.Common\bin\Debug\MIS.Common.dll" />
      <DeploymentItem filename="D:\member\gaoyang\科技处\Solution\5.3\Srims.Server.Business\bin\Debug\Srims.Server.Business.dll" />
    </Deployment>
    <TestTypeSpecific>
      <WebTestRunConfiguration testTypeId="4e7599fa-5ecb-43e9-a887-cd63cf72d207">
        <Browser name="Internet Explorer 7.0">
          <Headers>
            <Header name="User-Agent" value="Mozilla/4.0 (compatible; MSIE 7.0; Windows NT 5.1)" />
            <Header name="Accept" value="*/*" />
            <Header name="Accept-Language" value="{{$IEAcceptLanguage}}" />
            <Header name="Accept-Encoding" value="GZIP" />
          </Headers>
        </Browser>
        <Network Name="LAN" BandwidthInKbps="0" />
      </WebTestRunConfiguration>
    </TestTypeSpecific>
  </TestRunConfiguration>
  <ResultSummary outcome="Completed">
    <Counters total="1" executed="1" passed="1" error="0" failed="0" timeout="0" aborted="0" inconclusive="0" passedButRunAborted="0" notRunnable="0" notExecuted="0" disconnected="0" warning="0" completed="0" inProgress="0" pending="0" />
  </ResultSummary>
  <Times creation="2014-05-27T09:52:28.3250328+08:00" queuing="2014-05-27T09:52:40.5547323+08:00" start="2014-05-27T09:52:40.5887343+08:00" finish="2014-05-27T09:52:41.1387658+08:00" />
  <TestDefinitions>
    <UnitTest name="Util_JsRelease" storage="d:\member\gaoyang\科技处\solution\5.3\srims.test\bin\debug\srims.test.dll" id="c1fac0be-a9f5-d1b2-90e1-3f6469a634b9">
      <Css projectStructure="" iteration="" />
      <Description>构造发布Js代码</Description>
      <Owners>
        <Owner name="" />
      </Owners>
      <Execution id="f5b3bc44-824c-4f7a-83a4-9cc97c0ee7c9" />
      <TestMethod codeBase="D:\member\gaoyang\科技处\Solution\5.3\Srims.Test\bin\Debug\Srims.Test.dll" adapterTypeName="Microsoft.VisualStudio.TestTools.TestTypes.Unit.UnitTestAdapter, Microsoft.VisualStudio.QualityTools.Tips.UnitTest.Adapter, Version=9.0.0.0, Culture=neutral, PublicKeyToken=b03f5f7f11d50a3a" className="Srims.Test.Utils.Util_Js, Srims.Test" name="Util_JsRelease" />
    </UnitTest>
  </TestDefinitions>
  <TestLists>
    <TestList name="Results Not in a List" id="8c84fa94-04c1-424b-9868-57a2d4851a1d" />
    <TestList name="All Loaded Results" id="19431567-8539-422a-85d7-44ee4e166bda" />
  </TestLists>
  <TestEntries>
    <TestEntry testId="c1fac0be-a9f5-d1b2-90e1-3f6469a634b9" executionId="f5b3bc44-824c-4f7a-83a4-9cc97c0ee7c9" testListId="8c84fa94-04c1-424b-9868-57a2d4851a1d" />
  </TestEntries>
  <Results>
    <UnitTestResult executionId="f5b3bc44-824c-4f7a-83a4-9cc97c0ee7c9" testId="c1fac0be-a9f5-d1b2-90e1-3f6469a634b9" testName="Util_JsRelease" computerName="WIN-AK70KIT50R3" duration="00:00:00.3184157" startTime="2014-05-27T09:52:40.5897343+08:00" endTime="2014-05-27T09:52:41.1297652+08:00" testType="13cdc9d9-ddb5-4fa4-a97d-d965ccfc6d4b" outcome="Passed" testListId="8c84fa94-04c1-424b-9868-57a2d4851a1d">
      <Output>
      </Output>
    </UnitTestResult>
  </Results>
</TestRun>