<?xml version="1.0" encoding="UTF-8"?>
<TestRun id="06155a51-ecee-4e01-b615-8b11302fc8c2" name="gaoyang@WIN-AK70KIT50R3 2014-06-03 08:37:45" runUser="WIN-AK70KIT50R3\gaoyang" xmlns="http://microsoft.com/schemas/VisualStudio/TeamTest/2006">
  <TestRunConfiguration name="Local Test Run" id="6f0d1424-4b5e-4e78-9a98-9d9f3cd5bd72">
    <Description>This is a default test run configuration for a local test run.</Description>
    <Timeouts runTimeout="399120000" testTimeout="403140000" />
    <Deployment runDeploymentRoot="D:\member\gaoyang\科技处\Solution\5.3\TestResults\gaoyang_WIN-AK70KIT50R3 2014-06-03 08_37_45">
      <DeploymentItem filename="D:\member\gaoyang\科技处\Solution\5.3\Ref\Interop.jmail.dll" />
      <DeploymentItem filename="D:\member\gaoyang\科技处\Solution\5.3\Srims.Server.DataExchange\bin\Debug\Srims.Server.DataExchange.dll" />
      <DeploymentItem filename="D:\member\gaoyang\科技处\Solution\5.3\Srims.Tools.DataImport\bin\Debug\Srims.Tools.DataImport.dll" />
      <DeploymentItem filename="D:\member\gaoyang\科技处\Solution\5.3\Srims.Server.DataAccess\bin\Debug\Srims.Server.DataAccess.dll" />
      <DeploymentItem filename="D:\member\gaoyang\科技处\Solution\5.3\MIS.Util\bin\Debug\MIS.Util.dll" />
      <DeploymentItem filename="C:\Program Files (x86)\Microsoft Visual Studio 9.0\Visual Studio Tools for Office\PIA\Office12\Microsoft.Office.Interop.Excel.dll" />
      <DeploymentItem filename="D:\member\gaoyang\科技处\Solution\5.3\MIS.Common\bin\Debug\MIS.Common.dll" />
      <DeploymentItem filename="D:\member\gaoyang\科技处\Solution\5.3\Srims.Server.Business\bin\Debug\Srims.Server.Business.dll" />
    </Deployment>
    <TestTypeSpecific>
      <WebTestRunConfiguration testTypeId="4e7599fa-5ecb-43e9-a887-cd63cf72d207">
        <Browser name="Internet Explorer 7.0">
          <Headers>
            <Header name="User-Agent" value="Mozilla/4.0 (compatible; MSIE 7.0; Windows NT 5.1)" />
            <Header name="Accept" value="*/*" />
            <Header name="Accept-Language" value="{{$IEAcceptLanguage}}" />
            <Header name="Accept-Encoding" value="GZIP" />
          </Headers>
        </Browser>
        <Network Name="LAN" BandwidthInKbps="0" />
      </WebTestRunConfiguration>
    </TestTypeSpecific>
  </TestRunConfiguration>
  <ResultSummary outcome="Completed">
    <Counters total="1" executed="1" passed="1" error="0" failed="0" timeout="0" aborted="0" inconclusive="0" passedButRunAborted="0" notRunnable="0" notExecuted="0" disconnected="0" warning="0" completed="0" inProgress="0" pending="0" />
  </ResultSummary>
  <Times creation="2014-06-03T08:37:45.1407024+08:00" queuing="2014-06-03T08:37:45.3137123+08:00" start="2014-06-03T08:37:45.3387137+08:00" finish="2014-06-03T08:38:25.7910274+08:00" />
  <TestDefinitions>
    <UnitTest name="Util_Deploy" storage="d:\member\gaoyang\科技处\solution\5.3\srims.test\bin\debug\srims.test.dll" id="f0b37cad-d8c5-59d7-629c-02ab4341682e">
      <Css projectStructure="" iteration="" />
      <Owners>
        <Owner name="" />
      </Owners>
      <Execution id="a1bf08d5-2eef-4602-a0f8-5e1939591745" />
      <TestMethod codeBase="D:\member\gaoyang\科技处\Solution\5.3\Srims.Test\bin\Debug\Srims.Test.dll" adapterTypeName="Microsoft.VisualStudio.TestTools.TestTypes.Unit.UnitTestAdapter, Microsoft.VisualStudio.QualityTools.Tips.UnitTest.Adapter, Version=9.0.0.0, Culture=neutral, PublicKeyToken=b03f5f7f11d50a3a" className="Srims.Test.Utils.Util_Update, Srims.Test" name="Util_Deploy" />
    </UnitTest>
  </TestDefinitions>
  <TestLists>
    <TestList name="Results Not in a List" id="8c84fa94-04c1-424b-9868-57a2d4851a1d" />
    <TestList name="All Loaded Results" id="19431567-8539-422a-85d7-44ee4e166bda" />
  </TestLists>
  <TestEntries>
    <TestEntry testId="f0b37cad-d8c5-59d7-629c-02ab4341682e" executionId="a1bf08d5-2eef-4602-a0f8-5e1939591745" testListId="8c84fa94-04c1-424b-9868-57a2d4851a1d" />
  </TestEntries>
  <Results>
    <UnitTestResult executionId="a1bf08d5-2eef-4602-a0f8-5e1939591745" testId="f0b37cad-d8c5-59d7-629c-02ab4341682e" testName="Util_Deploy" computerName="WIN-AK70KIT50R3" duration="00:00:40.2167046" startTime="2014-06-03T08:37:45.3387137+08:00" endTime="2014-06-03T08:38:25.7800268+08:00" testType="13cdc9d9-ddb5-4fa4-a97d-d965ccfc6d4b" outcome="Passed" testListId="8c84fa94-04c1-424b-9868-57a2d4851a1d">
      <Output>
      </Output>
    </UnitTestResult>
  </Results>
</TestRun>